 delete_and_promote_subtree 
----------------------------
 
(1 row)

 emp_nbr |   emp   | boss_emp_nbr |  boss  
---------+---------+--------------+--------
       1 | Иван    |              | 
       2 | Петр    |            1 | Иван
       3 | Антон   |            1 | Иван
       9 | Кошка   |           10 | Собака
       4 | Захар   |            9 | Кошка
      10 | Собака  |            4 | Захар
       7 | Андрей  |            3 | Антон
       8 | Николай |            3 | Антон
(8 rows)

 level1 | level2 | level3  | level4 
--------+--------+---------+--------
 Иван   | Петр   |         | 
 Иван   | Антон  | Николай | 
 Иван   | Антон  | Андрей  | 
(3 rows)

