 emp_nbr | emp_name |         address         | birth_date 
---------+----------+-------------------------+------------
       0 | вакансия |                         | 2014-05-19
       1 | Иван     | ул. Любителей языка C   | 1962-12-01
       2 | Петр     | ул. UNIX гуру           | 1965-10-21
       3 | Антон    | ул. Ассемблерная        | 1964-04-17
       4 | Захар    | ул. им. СУБД PostgreSQL | 1963-09-27
       5 | Ирина    | просп. Программистов    | 1968-05-12
       6 | Анна     | пер. Перловый           | 1969-03-20
       7 | Андрей   | пл. Баз данных          | 1945-11-07
       8 | Николай  | наб. ОС Linux           | 1944-12-01
(9 rows)

      job_title      | emp_nbr | boss_emp_nbr |  salary   
---------------------+---------+--------------+-----------
 Президент           |       1 |              | 1000.0000
 Вице-президент 1    |       2 |            1 |  900.0000
 Вице-президент 2    |       3 |            1 |  800.0000
 Архитектор          |       4 |            3 |  700.0000
 Ведущий программист |       5 |            3 |  600.0000
 Программист C       |       6 |            3 |  500.0000
 Программист Perl    |       7 |            5 |  450.0000
 Оператор            |       8 |            5 |  400.0000
(8 rows)

 emp_nbr |   emp   | boss_emp_nbr | boss  
---------+---------+--------------+-------
       1 | Иван    |              | 
       2 | Петр    |            1 | Иван
       3 | Антон   |            1 | Иван
       4 | Захар   |            3 | Антон
       5 | Ирина   |            3 | Антон
       6 | Анна    |            3 | Антон
       7 | Андрей  |            5 | Ирина
       8 | Николай |            5 | Ирина
(8 rows)

 level1 | level2 | level3 | level4  
--------+--------+--------+---------
 Иван   | Антон  | Ирина  | Андрей
 Иван   | Антон  | Ирина  | Николай
 Иван   | Петр   |        | 
 Иван   | Антон  | Захар  | 
 Иван   | Антон  | Анна   | 
(5 rows)

