    nickname    |        title        
----------------+---------------------
 Crowbar97      | Theoretical physics
 Blossom88      | Flower Power
 Blossom88      | Autumn Garden
 GuitarHero82   | Guitar Lesson № 1
 GuitarHero82   | Guitar Lesson № 2
 GuitarHero82   | Guitar Lesson № 3
 LightBringer   | What is kindness?
 NoSpamFromHere | 
 Admin          | 
 WhiteSheep     | 
 Johny19        | 
 Moderor        | 
 DreamStream    | 
 BloodVlad      | 
 MyBlogTeam     | 
 IndiaFinder    | 
 Julian         | 
(17 rows)

