 pilot_name |  schedule   |                                             meal                                             
------------+-------------+----------------------------------------------------------------------------------------------
 Ivan       | {1,3,5,6,7} | {{сосиска,макароны,кофе},{картофель,свинина,чай},{кукуруза,суп,кокос},{свекла,морковь,вода}}
 Petr       | {1,2,5,7}   | {{котлета,каша,кофе},{рыба,чечевица,чай},{говядина,пшено,компот},{чипсы,ментос,кола}}
 Pavel      | {2,5}       | {{сосиска,каша,какао},{борщ,макароны,энергетик},{суп,гречка,кофе},{солянка,овсянка,кофе}}
 Boris      | {3,5,6}     | {{котлета,каша,чай},{огурец,редиска,молоко},{сметана,творог,кефир},{сыр,мандарин,йогурт}}
(4 rows)

 pilot_name |  schedule   |                                             meal                                             
------------+-------------+----------------------------------------------------------------------------------------------
 Ivan       | {1,3,5,6,7} | {{сосиска,макароны,кофе},{картофель,свинина,чай},{кукуруза,суп,кокос},{свекла,морковь,вода}}
 Petr       | {1,2,5,7}   | {{котлета,каша,кофе},{рыба,чечевица,чай},{говядина,пшено,компот},{чипсы,ментос,кола}}
(2 rows)

 pilot_name | schedule  |                                           meal                                            
------------+-----------+-------------------------------------------------------------------------------------------
 Petr       | {1,2,5,7} | {{котлета,каша,кофе},{рыба,чечевица,чай},{говядина,пшено,компот},{чипсы,ментос,кола}}
 Pavel      | {2,5}     | {{сосиска,каша,какао},{борщ,макароны,энергетик},{суп,гречка,кофе},{солянка,овсянка,кофе}}
 Boris      | {3,5,6}   | {{котлета,каша,чай},{огурец,редиска,молоко},{сметана,творог,кефир},{сыр,мандарин,йогурт}}
(3 rows)

 pilot_name | schedule |                                           meal                                            
------------+----------+-------------------------------------------------------------------------------------------
 Pavel      | {2,5}    | {{сосиска,каша,какао},{борщ,макароны,энергетик},{суп,гречка,кофе},{солянка,овсянка,кофе}}
(1 row)

