 delete_subtree 
----------------
 
(1 row)

 emp_nbr |   emp   | boss_emp_nbr |  boss  
---------+---------+--------------+--------
       1 | Иван    |              | 
       2 | Петр    |            1 | Иван
       3 | Антон   |            1 | Иван
       5 | Ирина   |            3 | Антон
       7 | Андрей  |            5 | Ирина
       8 | Николай |            5 | Ирина
       9 | Кошка   |           10 | Собака
       4 | Захар   |            9 | Кошка
      10 | Собака  |            4 | Захар
(9 rows)

 level1 | level2 | level3 | level4  
--------+--------+--------+---------
 Иван   | Антон  | Ирина  | Андрей
 Иван   | Антон  | Ирина  | Николай
 Иван   | Петр   |        | 
(3 rows)

