SET
CREATE VIEW
 aircraft_code |        model        
---------------+---------------------
 773           | Boeing 777-300
 763           | Boeing 767-300
 SU9           | Sukhoi SuperJet-100
 320           | Airbus A320-200
 321           | Airbus A321-200
 319           | Airbus A319-100
 733           | Boeing 737-300
 CN1           | Cessna 208 Caravan
 CR2           | Bombardier CRJ-200
(9 rows)

CREATE VIEW
 airport_code |  airport_name   |    city     |      timezone      
--------------+-----------------+-------------+--------------------
 MJZ          | Мирный          | Мирный      | Asia/Yakutsk
 NBC          | Бегишево        | Нижнекамск  | Europe/Moscow
 NOZ          | Спиченково      | Новокузнецк | Asia/Novokuznetsk
 NAL          | Нальчик         | Нальчик     | Europe/Moscow
 OGZ          | Беслан          | Владикавказ | Europe/Moscow
 CSY          | Чебоксары       | Чебоксары   | Europe/Moscow
 NYM          | Надым           | Надым       | Asia/Yekaterinburg
 NYA          | Нягань          | Нягань      | Asia/Yekaterinburg
 URS          | Курск-Восточный | Курск       | Europe/Moscow
 SKX          | Саранск         | Саранск     | Europe/Moscow
(10 rows)

CREATE VIEW
 flight_no | departure_airport | departure_airport_name | departure_city | arrival_airport | arrival_airport_name | arrival_city | aircraft_code | duration |  days_of_week   
-----------+-------------------+------------------------+----------------+-----------------+----------------------+--------------+---------------+----------+-----------------
 PG0014    | TJM               | Рощино                 | Тюмень         | URJ             | Петрозаводск         | Урай         | SU9           | 00:25:00 | {1,2,3,4,5,6,7}
 PG0039    | KZN               | Казань                 | Казань         | KVX             | Победилово           | Киров        | SU9           | 00:25:00 | {1,2,3,4,5,6,7}
 PG0040    | KVX               | Победилово             | Киров          | KZN             | Казань               | Казань       | SU9           | 00:25:00 | {1,2,3,4,5,6,7}
 PG0047    | OVB               | Толмачёво              | Новосибирск    | KLF             | Калуга               | Калуга       | SU9           | 03:55:00 | {3}
 PG0048    | KLF               | Калуга                 | Калуга         | OVB             | Толмачёво            | Новосибирск  | SU9           | 03:55:00 | {3}
 PG0072    | DME               | Домодедово             | Москва         | BAX             | Барнаул              | Барнаул      | SU9           | 03:55:00 | {1,4,6}
 PG0089    | SVO               | Шереметьево            | Москва         | OVS             | Советский            | Советский    | SU9           | 02:10:00 | {1,2,3,4,5,6,7}
 PG0090    | OVS               | Советский              | Советский      | SVO             | Шереметьево          | Москва       | SU9           | 02:10:00 | {1,2,3,4,5,6,7}
 PG0095    | DME               | Домодедово             | Москва         | URJ             | Петрозаводск         | Урай         | SU9           | 02:15:00 | {1,2,3,4,5,6,7}
 PG0096    | URJ               | Петрозаводск           | Урай           | DME             | Домодедово           | Москва       | SU9           | 02:15:00 | {1,2,3,4,5,6,7}
(10 rows)

CREATE VIEW
 flight_no | departure_airport | departure_airport_name | departure_city | arrival_airport | arrival_airport_name | arrival_city | aircraft_code | duration |  days_of_week   
-----------+-------------------+------------------------+----------------+-----------------+----------------------+--------------+---------------+----------+-----------------
 PG0005    | DME               | Домодедово             | Москва         | PKV             | Псков                | Псков        | CN1           | 02:05:00 | {2,4,7}
 PG0007    | VKO               | Внуково                | Москва         | JOK             | Йошкар-Ола           | Йошкар-Ола   | CN1           | 02:10:00 | {1,2,3,4,5,6,7}
 PG0008    | VKO               | Внуково                | Москва         | JOK             | Йошкар-Ола           | Йошкар-Ола   | CN1           | 02:10:00 | {1,2,3,4,5,6,7}
 PG0015    | SVO               | Шереметьево            | Москва         | VKT             | Воркута              | Воркута      | CR2           | 02:40:00 | {1,5}
 PG0019    | DME               | Домодедово             | Москва         | UUA             | Бугульма             | Бугульма     | CR2           | 01:20:00 | {1,2,3,4,5,6,7}
 PG0025    | VKO               | Внуково                | Москва         | OSW             | Орск                 | Орск         | CR2           | 02:10:00 | {2}
 PG0029    | DME               | Домодедово             | Москва         | PEZ             | Пенза                | Пенза        | CN1           | 01:45:00 | {1,2,3,4,5,6,7}
 PG0030    | DME               | Домодедово             | Москва         | PEZ             | Пенза                | Пенза        | CN1           | 01:45:00 | {1,2,3,4,5,6,7}
 PG0041    | SVO               | Шереметьево            | Москва         | NFG             | Нефтеюганск          | Нефтеюганск  | CR2           | 03:00:00 | {1,4,6}
 PG0043    | SVO               | Шереметьево            | Москва         | IJK             | Ижевск               | Ижевск       | CR2           | 01:25:00 | {1,2,3,4,5,6,7}
(10 rows)

